<?xml version="1.0" encoding="UTF-8"?>
<!-- Generated by org.testng.reporters.JUnitReportReporter -->
<testsuite hostname="DESKTOP-G0DII7M" failures="0" tests="1" name="admin.Tests.Login" time="154.609" errors="0" timestamp="2022-11-25T22:34:45 IST" skipped="0">
  <testcase classname="admin.Tests.Login" name="adminLogin" time="154.609"/>
  <system-out/>
</testsuite> <!-- admin.Tests.Login -->
