<?xml version="1.0" encoding="UTF-8"?>
<!-- Generated by org.testng.reporters.JUnitReportReporter -->
<testsuite hostname="DESKTOP-28161K9" failures="0" tests="1" name="admin.Tests.Login" time="19.602" errors="0" timestamp="2023-01-06T23:17:59 IST" skipped="0">
  <testcase classname="admin.Tests.Login" name="adminLogin" time="19.602"/>
  <system-out/>
</testsuite> <!-- admin.Tests.Login -->
