<?xml version="1.0" encoding="UTF-8"?>
<!-- Generated by org.testng.reporters.JUnitReportReporter -->
<testsuite hostname="DESKTOP-28161K9" failures="0" tests="1" name="shop.Tests.CustomerCheckoutTest" time="106.119" errors="0" timestamp="2023-01-03T00:15:27 IST" skipped="0">
  <testcase classname="shop.Tests.CustomerCheckoutTest" name="productCheckout" time="106.119"/>
  <system-out/>
</testsuite> <!-- shop.Tests.CustomerCheckoutTest -->
