<?xml version="1.0" encoding="UTF-8"?>
<!-- Generated by org.testng.reporters.JUnitReportReporter -->
<testsuite hostname="DESKTOP-28161K9" failures="0" tests="1" name="shop.Tests.productCheckoutLoginUserTest" time="83.684" errors="0" timestamp="2022-12-21T23:44:00 IST" skipped="0">
  <testcase classname="shop.Tests.productCheckoutLoginUserTest" name="productCheckout" time="83.684"/>
  <system-out/>
</testsuite> <!-- shop.Tests.productCheckoutLoginUserTest -->
