<?xml version="1.0" encoding="UTF-8"?>
<!-- Generated by org.testng.reporters.JUnitReportReporter -->
<testsuite hostname="DESKTOP-28161K9" failures="0" tests="1" name="shop.Tests.AddToCompareProductTest" time="0.001" errors="0" timestamp="2022-12-03T00:21:39 PST" skipped="1">
  <testcase classname="shop.Tests.AddToCompareProductTest" name="VerifyCompareCount" time="0.001">
    <skipped/>
  </testcase> <!-- VerifyCompareCount -->
  <system-out/>
</testsuite> <!-- shop.Tests.AddToCompareProductTest -->
