<?xml version="1.0" encoding="UTF-8"?>
<!-- Generated by org.testng.reporters.JUnitReportReporter -->
<testsuite hostname="DESKTOP-28161K9" failures="0" tests="1" name="shop.Tests.CustomerLoginTest" time="8.803" errors="0" timestamp="2022-12-26T22:00:57 IST" skipped="0">
  <testcase classname="shop.Tests.CustomerLoginTest" name="customerLogin" time="8.803"/>
  <system-out/>
</testsuite> <!-- shop.Tests.CustomerLoginTest -->
