<?xml version="1.0" encoding="UTF-8"?>
<!-- Generated by org.testng.reporters.JUnitReportReporter -->
<testsuite hostname="DESKTOP-VM14F0U" failures="0" tests="1" name="admin.Tests.Login" time="20.820" errors="0" timestamp="2022-11-25T08:22:04 PST" skipped="0">
  <testcase classname="admin.Tests.Login" name="adminLogin" time="20.820"/>
  <system-out/>
</testsuite> <!-- admin.Tests.Login -->
