<?xml version="1.0" encoding="UTF-8"?>
<!-- Generated by org.testng.reporters.JUnitReportReporter -->
<testsuite hostname="DESKTOP-28161K9" failures="0" tests="1" name="shop.Tests.AddToWishListTest" time="0.000" errors="0" timestamp="2023-01-10T22:26:47 IST" skipped="1">
  <testcase classname="shop.Tests.AddToWishListTest" name="addToWishlist" time="0.000">
    <skipped/>
  </testcase> <!-- addToWishlist -->
  <system-out/>
</testsuite> <!-- shop.Tests.AddToWishListTest -->
