<?xml version="1.0" encoding="UTF-8"?>
<!-- Generated by org.testng.reporters.JUnitReportReporter -->
<testsuite hostname="DESKTOP-28161K9" failures="0" tests="1" name="shop.Tests.CustomerLoginTest" time="7.339" errors="0" timestamp="2022-12-25T22:26:07 IST" skipped="0">
  <testcase classname="shop.Tests.CustomerLoginTest" name="customerLogin" time="7.339"/>
  <system-out/>
</testsuite> <!-- shop.Tests.CustomerLoginTest -->
