<?xml version="1.0" encoding="UTF-8"?>
<!-- Generated by org.testng.reporters.JUnitReportReporter -->
<testsuite hostname="DESKTOP-28161K9" failures="0" tests="1" name="shop.Tests.CustomerLoginTest" time="15.399" errors="0" timestamp="2022-12-05T23:57:49 IST" skipped="0">
  <testcase classname="shop.Tests.CustomerLoginTest" name="customerLogin" time="15.399"/>
  <system-out/>
</testsuite> <!-- shop.Tests.CustomerLoginTest -->
