<?xml version="1.0" encoding="UTF-8"?>
<!-- Generated by org.testng.reporters.JUnitReportReporter -->
<testsuite hostname="DESKTOP-28161K9" failures="0" tests="1" name="shop.Tests.VerifyAddToCart" time="30.500" errors="0" timestamp="2022-11-28T23:19:05 PST" skipped="0">
  <testcase classname="shop.Tests.VerifyAddToCart" name="initail" time="30.500"/>
  <system-out/>
</testsuite> <!-- shop.Tests.VerifyAddToCart -->
