<?xml version="1.0" encoding="UTF-8"?>
<!-- Generated by org.testng.reporters.JUnitReportReporter -->
<testsuite hostname="DESKTOP-VM14F0U" failures="0" tests="1" name="admin.Tests.Login" time="14.914" errors="0" timestamp="2022-11-25T10:06:17 PST" skipped="0">
  <testcase classname="admin.Tests.Login" name="adminLogin" time="14.914"/>
  <system-out/>
</testsuite> <!-- admin.Tests.Login -->
