<?xml version="1.0" encoding="UTF-8"?>
<!-- Generated by org.testng.reporters.JUnitReportReporter -->
<testsuite hostname="DESKTOP-28161K9" failures="0" tests="1" name="admin.Tests.Login" time="19.586" errors="0" timestamp="2022-11-27T23:02:59 PST" skipped="0">
  <testcase classname="admin.Tests.Login" name="adminLogin" time="19.586"/>
  <system-out/>
</testsuite> <!-- admin.Tests.Login -->
