<?xml version="1.0" encoding="UTF-8"?>
<!-- Generated by org.testng.reporters.JUnitReportReporter -->
<testsuite hostname="DESKTOP-28161K9" failures="0" tests="1" name="shop.Tests.searchProductTest" time="3.586" errors="0" timestamp="2022-12-10T23:55:00 IST" skipped="0">
  <testcase classname="shop.Tests.searchProductTest" name="searchItem" time="3.586"/>
  <system-out/>
</testsuite> <!-- shop.Tests.searchProductTest -->
