<?xml version="1.0" encoding="UTF-8"?>
<!-- Generated by org.testng.reporters.JUnitReportReporter -->
<testsuite hostname="DESKTOP-28161K9" failures="0" tests="1" name="shop.Tests.CustomerCheckoutTest" time="110.804" errors="0" timestamp="2023-01-05T22:30:29 IST" skipped="0">
  <testcase classname="shop.Tests.CustomerCheckoutTest" name="productCheckout" time="110.804"/>
  <system-out/>
</testsuite> <!-- shop.Tests.CustomerCheckoutTest -->
