<?xml version="1.0" encoding="UTF-8"?>
<!-- Generated by org.testng.reporters.JUnitReportReporter -->
<testsuite hostname="DESKTOP-28161K9" failures="0" tests="1" name="shop.Tests.CustomerLoginTest" time="7.656" errors="0" timestamp="2023-01-03T00:15:27 IST" skipped="0">
  <testcase classname="shop.Tests.CustomerLoginTest" name="customerLogin" time="7.656"/>
  <system-out/>
</testsuite> <!-- shop.Tests.CustomerLoginTest -->
