<?xml version="1.0" encoding="UTF-8"?>
<!-- Generated by org.testng.reporters.JUnitReportReporter -->
<testsuite hostname="DESKTOP-28161K9" failures="0" tests="1" name="admin.Tests.CreateSimpleProduct" time="62.105" errors="0" timestamp="2023-01-07T00:15:33 IST" skipped="0">
  <testcase classname="admin.Tests.CreateSimpleProduct" name="createProduct" time="62.105"/>
  <system-out/>
</testsuite> <!-- admin.Tests.CreateSimpleProduct -->
