<?xml version="1.0" encoding="UTF-8"?>
<!-- Generated by org.testng.reporters.JUnitReportReporter -->
<testsuite hostname="DESKTOP-VM14F0U" failures="0" tests="1" name="admin.Tests.CreateSimpleProduct" time="47.203" errors="0" timestamp="2022-11-29T10:21:49 PST" skipped="0">
  <testcase classname="admin.Tests.CreateSimpleProduct" name="createProduct" time="47.203"/>
  <system-out/>
</testsuite> <!-- admin.Tests.CreateSimpleProduct -->
