<?xml version="1.0" encoding="UTF-8"?>
<!-- Generated by org.testng.reporters.JUnitReportReporter -->
<testsuite hostname="DESKTOP-G0DII7M" failures="0" tests="1" name="shop.Tests.AddToCartVerify" time="65.630" errors="0" timestamp="2022-11-26T18:59:17 IST" skipped="0">
  <testcase classname="shop.Tests.AddToCartVerify" name="initail" time="65.630"/>
  <system-out/>
</testsuite> <!-- shop.Tests.AddToCartVerify -->
