<?xml version="1.0" encoding="UTF-8"?>
<!-- Generated by org.testng.reporters.JUnitReportReporter -->
<testsuite hostname="DESKTOP-28161K9" failures="0" tests="1" name="shop.Tests.HomePageAddToCartTest" time="19.229" errors="0" timestamp="2022-12-15T23:19:29 IST" skipped="0">
  <testcase classname="shop.Tests.HomePageAddToCartTest" name="AddTOCartDisableCheck" time="19.229"/>
  <system-out/>
</testsuite> <!-- shop.Tests.HomePageAddToCartTest -->
