<?xml version="1.0" encoding="UTF-8"?>
<!-- Generated by org.testng.reporters.JUnitReportReporter -->
<testsuite hostname="DESKTOP-28161K9" failures="0" tests="1" name="shop.Tests.LaunchShopTest" time="9.308" errors="0" timestamp="2023-01-03T00:15:27 IST" skipped="0">
  <testcase classname="shop.Tests.LaunchShopTest" name="openBrowser" time="9.308"/>
  <system-out/>
</testsuite> <!-- shop.Tests.LaunchShopTest -->
