<?xml version="1.0" encoding="UTF-8"?>
<!-- Generated by org.testng.reporters.JUnitReportReporter -->
<testsuite hostname="DESKTOP-28161K9" failures="0" tests="1" name="admin.Tests.Login" time="22.789" errors="0" timestamp="2022-12-26T22:47:13 IST" skipped="0">
  <testcase classname="admin.Tests.Login" name="adminLogin" time="22.789"/>
  <system-out/>
</testsuite> <!-- admin.Tests.Login -->
