<?xml version="1.0" encoding="UTF-8"?>
<!-- Generated by org.testng.reporters.JUnitReportReporter -->
<testsuite hostname="DESKTOP-28161K9" failures="0" tests="1" name="shop.Tests.VerifyAddToCartTest" time="39.528" errors="0" timestamp="2022-11-30T21:57:17 PST" skipped="0">
  <testcase classname="shop.Tests.VerifyAddToCartTest" name="initail" time="39.528"/>
  <system-out/>
</testsuite> <!-- shop.Tests.VerifyAddToCartTest -->
