<?xml version="1.0" encoding="UTF-8"?>
<!-- Generated by org.testng.reporters.JUnitReportReporter -->
<testsuite hostname="DESKTOP-28161K9" failures="0" tests="1" name="shop.Tests.CartCountVerifyTest" time="30.586" errors="0" timestamp="2022-12-03T00:12:07 PST" skipped="0">
  <testcase classname="shop.Tests.CartCountVerifyTest" name="verifyProductCount" time="30.586"/>
  <system-out/>
</testsuite> <!-- shop.Tests.CartCountVerifyTest -->
