<?xml version="1.0" encoding="UTF-8"?>
<!-- Generated by org.testng.reporters.JUnitReportReporter -->
<testsuite hostname="DESKTOP-28161K9" failures="0" tests="1" name="shop.Tests.productCheckoutTest" time="46.554" errors="0" timestamp="2022-12-18T11:18:00 IST" skipped="0">
  <testcase classname="shop.Tests.productCheckoutTest" name="productCheckout" time="46.554"/>
  <system-out/>
</testsuite> <!-- shop.Tests.productCheckoutTest -->
