<?xml version="1.0" encoding="UTF-8"?>
<!-- Generated by org.testng.reporters.JUnitReportReporter -->
<testsuite hostname="DESKTOP-28161K9" failures="0" tests="1" name="shop.Tests.ProductPageOperationTest" time="6.215" errors="0" timestamp="2022-12-07T23:33:00 IST" skipped="0">
  <testcase classname="shop.Tests.ProductPageOperationTest" name="productPageAction" time="6.215"/>
  <system-out/>
</testsuite> <!-- shop.Tests.ProductPageOperationTest -->
