<?xml version="1.0" encoding="UTF-8"?>
<!-- Generated by org.testng.reporters.JUnitReportReporter -->
<testsuite hostname="DESKTOP-28161K9" failures="0" tests="1" name="shop.Tests.FlipkartProduct" time="19.176" errors="0" timestamp="2023-01-21T17:43:31 IST" skipped="0">
  <testcase classname="shop.Tests.FlipkartProduct" name="flipKart" time="19.176"/>
  <system-out/>
</testsuite> <!-- shop.Tests.FlipkartProduct -->
