<?xml version="1.0" encoding="UTF-8"?>
<!-- Generated by org.testng.reporters.JUnitReportReporter -->
<testsuite hostname="DESKTOP-28161K9" failures="0" tests="1" name="shop.Tests.AddToCartTest" time="0.001" errors="0" timestamp="2023-01-21T17:23:16 IST" skipped="1">
  <testcase classname="shop.Tests.AddToCartTest" name="addToCart" time="0.001">
    <skipped/>
  </testcase> <!-- addToCart -->
  <system-out/>
</testsuite> <!-- shop.Tests.AddToCartTest -->
