<?xml version="1.0" encoding="UTF-8"?>
<!-- Generated by org.testng.reporters.JUnitReportReporter -->
<testsuite hostname="DESKTOP-28161K9" failures="0" tests="1" name="shop.Tests.MiniCartAddedProductCountTest" time="43.010" errors="0" timestamp="2022-11-30T23:04:13 PST" skipped="0">
  <testcase classname="shop.Tests.MiniCartAddedProductCountTest" name="verifyProductCount" time="43.010"/>
  <system-out/>
</testsuite> <!-- shop.Tests.MiniCartAddedProductCountTest -->
