<?xml version="1.0" encoding="UTF-8"?>
<!-- Generated by org.testng.reporters.JUnitReportReporter -->
<testsuite hostname="DESKTOP-VM14F0U" failures="0" tests="1" name="admin.Tests.CreateSimpleProduct" time="38.506" errors="0" timestamp="2022-11-25T10:13:59 PST" skipped="0">
  <testcase classname="admin.Tests.CreateSimpleProduct" name="createProduct" time="38.506"/>
  <system-out/>
</testsuite> <!-- admin.Tests.CreateSimpleProduct -->
