<?xml version="1.0" encoding="UTF-8"?>
<!-- Generated by org.testng.reporters.JUnitReportReporter -->
<testsuite hostname="DESKTOP-28161K9" failures="0" tests="1" name="admin.Tests.CreateSimpleProduct" time="54.345" errors="0" timestamp="2023-01-06T23:17:59 IST" skipped="0">
  <testcase classname="admin.Tests.CreateSimpleProduct" name="createProduct" time="54.345"/>
  <system-out/>
</testsuite> <!-- admin.Tests.CreateSimpleProduct -->
