<?xml version="1.0" encoding="UTF-8"?>
<!-- Generated by org.testng.reporters.JUnitReportReporter -->
<testsuite hostname="DESKTOP-VM14F0U" failures="0" tests="1" name="shop.tests.index" time="93.669" errors="0" timestamp="2022-11-23T10:00:46 PST" skipped="0">
  <testcase classname="shop.tests.index" name="initail" time="93.669"/>
  <system-out/>
</testsuite> <!-- shop.tests.index -->
