<?xml version="1.0" encoding="UTF-8"?>
<!-- Generated by org.testng.reporters.JUnitReportReporter -->
<testsuite hostname="DESKTOP-28161K9" failures="0" tests="1" name="shop.Tests.MyOrderSearchBoxFilterTest" time="5.940" errors="0" timestamp="2022-12-11T23:18:11 IST" skipped="0">
  <testcase classname="shop.Tests.MyOrderSearchBoxFilterTest" name="MyOrderSearchBox" time="5.940"/>
  <system-out/>
</testsuite> <!-- shop.Tests.MyOrderSearchBoxFilterTest -->
