<?xml version="1.0" encoding="UTF-8"?>
<!-- Generated by org.testng.reporters.JUnitReportReporter -->
<testsuite hostname="DESKTOP-28161K9" failures="0" tests="1" name="shop.Tests.VerifyAddToCart" time="40.066" errors="0" timestamp="2022-11-28T23:30:00 PST" skipped="0">
  <testcase classname="shop.Tests.VerifyAddToCart" name="initail" time="40.066"/>
  <system-out/>
</testsuite> <!-- shop.Tests.VerifyAddToCart -->
