<?xml version="1.0" encoding="UTF-8"?>
<!-- Generated by org.testng.reporters.JUnitReportReporter -->
<testsuite hostname="DESKTOP-28161K9" failures="0" tests="1" name="shop.Tests.LaunchShopTest" time="10.682" errors="0" timestamp="2022-12-21T23:44:00 IST" skipped="0">
  <testcase classname="shop.Tests.LaunchShopTest" name="openBrowser" time="10.682"/>
  <system-out/>
</testsuite> <!-- shop.Tests.LaunchShopTest -->
