<?xml version="1.0" encoding="UTF-8"?>
<!-- Generated by org.testng.reporters.JUnitReportReporter -->
<testsuite hostname="DESKTOP-VM14F0U" failures="0" tests="1" name="admin.Tests.Login" time="18.214" errors="0" timestamp="2022-11-29T10:20:10 PST" skipped="0">
  <testcase classname="admin.Tests.Login" name="adminLogin" time="18.214"/>
  <system-out/>
</testsuite> <!-- admin.Tests.Login -->
