<?xml version="1.0" encoding="UTF-8"?>
<!-- Generated by org.testng.reporters.JUnitReportReporter -->
<testsuite hostname="DESKTOP-28161K9" failures="0" tests="1" name="shop.Tests.productCheckoutTest" time="22.862" errors="0" timestamp="2022-12-17T22:06:52 IST" skipped="0">
  <testcase classname="shop.Tests.productCheckoutTest" name="productCheckout" time="22.862"/>
  <system-out/>
</testsuite> <!-- shop.Tests.productCheckoutTest -->
