<?xml version="1.0" encoding="UTF-8"?>
<!-- Generated by org.testng.reporters.JUnitReportReporter -->
<testsuite hostname="DESKTOP-28161K9" failures="0" tests="1" name="shop.Tests.AddToCompareTest" time="3.758" errors="0" timestamp="2022-12-11T13:25:43 IST" skipped="0">
  <testcase classname="shop.Tests.AddToCompareTest" name="addToCompare" time="3.758"/>
  <system-out/>
</testsuite> <!-- shop.Tests.AddToCompareTest -->
