<?xml version="1.0" encoding="UTF-8"?>
<!-- Generated by org.testng.reporters.JUnitReportReporter -->
<testsuite hostname="DESKTOP-28161K9" failures="0" tests="1" name="shop.Tests.AddToCartProductTest" time="17.477" errors="0" timestamp="2022-12-03T00:17:58 PST" skipped="0">
  <testcase classname="shop.Tests.AddToCartProductTest" name="verifyProductCount" time="17.477"/>
  <system-out/>
</testsuite> <!-- shop.Tests.AddToCartProductTest -->
