<?xml version="1.0" encoding="UTF-8"?>
<!-- Generated by org.testng.reporters.JUnitReportReporter -->
<testsuite hostname="DESKTOP-28161K9" failures="0" tests="1" name="shop.Tests.VerifyAddToCart" time="33.249" errors="0" timestamp="2022-11-28T21:35:28 PST" skipped="0">
  <testcase classname="shop.Tests.VerifyAddToCart" name="initail" time="33.249"/>
  <system-out/>
</testsuite> <!-- shop.Tests.VerifyAddToCart -->
