<?xml version="1.0" encoding="UTF-8"?>
<!-- Generated by org.testng.reporters.JUnitReportReporter -->
<testsuite hostname="DESKTOP-VM14F0U" failures="0" tests="1" name="shop.tests.LandingPage" time="76.786" errors="0" timestamp="2022-11-25T07:31:31 PST" skipped="0">
  <testcase classname="shop.tests.LandingPage" name="initail" time="76.786"/>
  <system-out/>
</testsuite> <!-- shop.tests.LandingPage -->
