<?xml version="1.0" encoding="UTF-8"?>
<!-- Generated by org.testng.reporters.JUnitReportReporter -->
<testsuite hostname="DESKTOP-28161K9" failures="0" tests="1" name="shop.Tests.ProductPageOperationTest" time="7.824" errors="0" timestamp="2022-12-09T23:03:21 IST" skipped="0">
  <testcase classname="shop.Tests.ProductPageOperationTest" name="productPageAction" time="7.824"/>
  <system-out/>
</testsuite> <!-- shop.Tests.ProductPageOperationTest -->
