<?xml version="1.0" encoding="UTF-8"?>
<!-- Generated by org.testng.reporters.JUnitReportReporter -->
<testsuite hostname="DESKTOP-28161K9" failures="0" tests="1" name="shop.Tests.AddToWishListTest" time="8.520" errors="0" timestamp="2023-01-05T22:27:57 IST" skipped="0">
  <testcase classname="shop.Tests.AddToWishListTest" name="addToWishlist" time="8.520"/>
  <system-out/>
</testsuite> <!-- shop.Tests.AddToWishListTest -->
