<?xml version="1.0" encoding="UTF-8"?>
<!-- Generated by org.testng.reporters.JUnitReportReporter -->
<testsuite hostname="DESKTOP-28161K9" failures="0" tests="1" name="shop.Tests.productCheckoutTest" time="12.503" errors="0" timestamp="2022-12-18T01:24:12 IST" skipped="0">
  <testcase classname="shop.Tests.productCheckoutTest" name="productCheckout" time="12.503"/>
  <system-out/>
</testsuite> <!-- shop.Tests.productCheckoutTest -->
