<?xml version="1.0" encoding="UTF-8"?>
<!-- Generated by org.testng.reporters.JUnitReportReporter -->
<testsuite hostname="DESKTOP-28161K9" failures="0" tests="1" name="admin.Tests.CreateSimpleProduct" time="36.424" errors="0" timestamp="2023-01-02T22:04:50 IST" skipped="0">
  <testcase classname="admin.Tests.CreateSimpleProduct" name="createProduct" time="36.424"/>
  <system-out/>
</testsuite> <!-- admin.Tests.CreateSimpleProduct -->
