<?xml version="1.0" encoding="UTF-8"?>
<!-- Generated by org.testng.reporters.JUnitReportReporter -->
<<<<<<< HEAD
<testsuite hostname="DESKTOP-G0DII7M" failures="0" tests="1" name="admin.Tests.Login" time="154.609" errors="0" timestamp="2022-11-25T22:34:45 IST" skipped="0">
  <testcase classname="admin.Tests.Login" name="adminLogin" time="154.609"/>
=======
<testsuite hostname="DESKTOP-VM14F0U" failures="0" tests="1" name="admin.Tests.Login" time="14.914" errors="0" timestamp="2022-11-25T10:06:17 PST" skipped="0">
  <testcase classname="admin.Tests.Login" name="adminLogin" time="14.914"/>
>>>>>>> e5331323a701e93755130a6b11a0ca5f4f1b884f
  <system-out/>
</testsuite> <!-- admin.Tests.Login -->
