<?xml version="1.0" encoding="UTF-8"?>
<!-- Generated by org.testng.reporters.JUnitReportReporter -->
<testsuite hostname="DESKTOP-28161K9" failures="0" tests="1" name="shop.Tests.VerifyAddToCartTest" time="24.937" errors="0" timestamp="2022-11-29T23:10:20 PST" skipped="0">
  <testcase classname="shop.Tests.VerifyAddToCartTest" name="initail" time="24.937"/>
  <system-out/>
</testsuite> <!-- shop.Tests.VerifyAddToCartTest -->
