<?xml version="1.0" encoding="UTF-8"?>
<!-- Generated by org.testng.reporters.JUnitReportReporter -->
<testsuite hostname="DESKTOP-28161K9" failures="0" tests="1" name="shop.Tests.FlipkartProduct" time="25.561" errors="0" timestamp="2023-01-21T18:01:04 IST" skipped="0">
  <testcase classname="shop.Tests.FlipkartProduct" name="flipKart" time="25.561"/>
  <system-out/>
</testsuite> <!-- shop.Tests.FlipkartProduct -->
