<?xml version="1.0" encoding="UTF-8"?>
<!-- Generated by org.testng.reporters.JUnitReportReporter -->
<testsuite hostname="DESKTOP-28161K9" failures="0" tests="1" name="shop.Tests.AddToCartTest" time="7.397" errors="0" timestamp="2023-01-05T22:52:10 IST" skipped="0">
  <testcase classname="shop.Tests.AddToCartTest" name="addToCart" time="7.397"/>
  <system-out/>
</testsuite> <!-- shop.Tests.AddToCartTest -->
