<?xml version="1.0" encoding="UTF-8"?>
<!-- Generated by org.testng.reporters.JUnitReportReporter -->
<testsuite hostname="DESKTOP-28161K9" failures="0" tests="1" name="shop.Tests.verifyProductCountOf" time="18.189" errors="0" timestamp="2022-12-06T23:29:24 IST" skipped="0">
  <testcase classname="shop.Tests.verifyProductCountOf" name="countVerify" time="18.189"/>
  <system-out/>
</testsuite> <!-- shop.Tests.verifyProductCountOf -->
